

*******************************************************************************
Fri Dec  9 17:58:23 2016


FIT:    data read from "blin1.txt"
        format = z
        #datapoints = 91
        residuals are weighted equally (unit weight)

function used for fitting: f(x)
fitted parameters initialized with current variable values



 Iteration 0
 WSSR        : 3.38165e+09       delta(WSSR)/WSSR   : 0
 delta(WSSR) : 0                 limit for stopping : 1e-05
 lambda	  : 4309.87

initial set of free parameter values

a               = 1
b               = 1

After 8 iterations the fit converged.
final sum of squares of residuals : 8.50995e-10
rel. change during last iteration : -9.72016e-15

degrees of freedom    (FIT_NDF)                        : 89
rms of residuals      (FIT_STDFIT) = sqrt(WSSR/ndf)    : 3.09221e-06
variance of residuals (reduced chisquare) = WSSR/ndf   : 9.56174e-12

Final set of parameters            Asymptotic Standard Error
=======================            ==========================

a               = 1.50788e-08      +/- 1.234e-10    (0.8184%)
b               = 9.30605e-07      +/- 7.521e-07    (80.82%)


correlation matrix of the fit parameters:

               a      b      
a               1.000 
b              -0.902  1.000 


*******************************************************************************
Fri Dec  9 18:04:24 2016


FIT:    data read from "blin1.txt" using 1:3
        format = x:z
        #datapoints = 91
        residuals are weighted equally (unit weight)

function used for fitting: f(x)
fitted parameters initialized with current variable values



 Iteration 0
 WSSR        : 8.45413e+08       delta(WSSR)/WSSR   : 0
 delta(WSSR) : 0                 limit for stopping : 1e-05
 lambda	  : 4309.87

initial set of free parameter values

a               = 1
b               = 1

The maximum lambda = 1.000000e+20 was exceeded. Fit stopped.
final sum of squares of residuals : 3.23117e-27
rel. change during last iteration : 0

degrees of freedom    (FIT_NDF)                        : 89
rms of residuals      (FIT_STDFIT) = sqrt(WSSR/ndf)    : 6.02539e-15
variance of residuals (reduced chisquare) = WSSR/ndf   : 3.63053e-29

Final set of parameters            Asymptotic Standard Error
=======================            ==========================

a               = 0.5              +/- 2.405e-19    (4.809e-17%)
b               = 0.5              +/- 1.466e-15    (2.931e-13%)


correlation matrix of the fit parameters:

               a      b      
a               1.000 
b              -0.902  1.000 


*******************************************************************************
Fri Dec  9 18:07:03 2016


FIT:    data read from "bbin1.txt" using 1:3
        format = x:z
        #datapoints = 91
        residuals are weighted equally (unit weight)

function used for fitting: f(x)
fitted parameters initialized with current variable values



 Iteration 0
 WSSR        : 9096.02           delta(WSSR)/WSSR   : 0
 delta(WSSR) : 0                 limit for stopping : 1e-05
 lambda	  : 8.68245

initial set of free parameter values

a               = 0.5
b               = 0.5

After 5 iterations the fit converged.
final sum of squares of residuals : 0.876647
rel. change during last iteration : -6.92478e-12

degrees of freedom    (FIT_NDF)                        : 89
rms of residuals      (FIT_STDFIT) = sqrt(WSSR/ndf)    : 0.099247
variance of residuals (reduced chisquare) = WSSR/ndf   : 0.00984997

Final set of parameters            Asymptotic Standard Error
=======================            ==========================

a               = 1.48524          +/- 0.01205      (0.8111%)
b               = -1.56625         +/- 0.1474       (9.413%)


correlation matrix of the fit parameters:

               a      b      
a               1.000 
b              -0.998  1.000 


*******************************************************************************
Fri Dec  9 21:28:18 2016


FIT:    data read from "blin2.txt" using 1:2
        format = x:z
        #datapoints = 91
        residuals are weighted equally (unit weight)

function used for fitting: f(x)
fitted parameters initialized with current variable values



 Iteration 0
 WSSR        : 3.38165e+09       delta(WSSR)/WSSR   : 0
 delta(WSSR) : 0                 limit for stopping : 1e-05
 lambda	  : 4309.87

initial set of free parameter values

a               = 1
b               = 1

After 8 iterations the fit converged.
final sum of squares of residuals : 6.91579e-10
rel. change during last iteration : -1.15122e-14

degrees of freedom    (FIT_NDF)                        : 89
rms of residuals      (FIT_STDFIT) = sqrt(WSSR/ndf)    : 2.78757e-06
variance of residuals (reduced chisquare) = WSSR/ndf   : 7.77055e-12

Final set of parameters            Asymptotic Standard Error
=======================            ==========================

a               = 1.23121e-09      +/- 1.112e-10    (9.035%)
b               = 8.35933e-07      +/- 6.78e-07     (81.11%)


correlation matrix of the fit parameters:

               a      b      
a               1.000 
b              -0.902  1.000 


*******************************************************************************
Fri Dec  9 21:30:00 2016


FIT:    data read from "blinauto2.txt" using 1:2
        format = x:z
        #datapoints = 91
        residuals are weighted equally (unit weight)

function used for fitting: g(x)
fitted parameters initialized with current variable values



 Iteration 0
 WSSR        : 6.61058e-10       delta(WSSR)/WSSR   : 0
 delta(WSSR) : 0                 limit for stopping : 1e-05
 lambda	  : 4309.87

initial set of free parameter values

a               = 1.23121e-09
b               = 8.35933e-07

After 6 iterations the fit converged.
final sum of squares of residuals : 4.27158e-10
rel. change during last iteration : -1.00826e-06

degrees of freedom    (FIT_NDF)                        : 89
rms of residuals      (FIT_STDFIT) = sqrt(WSSR/ndf)    : 2.19078e-06
variance of residuals (reduced chisquare) = WSSR/ndf   : 4.79953e-12

Final set of parameters            Asymptotic Standard Error
=======================            ==========================

a               = 1.10841e-09      +/- 8.743e-11    (7.888%)
b               = -5.91279e-08     +/- 5.329e-07    (901.2%)


correlation matrix of the fit parameters:

               a      b      
a               1.000 
b              -0.902  1.000 


*******************************************************************************
Fri Dec  9 21:39:04 2016


FIT:    data read from "blin1.txt"
        format = z
        #datapoints = 91
        residuals are weighted equally (unit weight)

function used for fitting: f(x)
fitted parameters initialized with current variable values



 Iteration 0
 WSSR        : 3.38165e+09       delta(WSSR)/WSSR   : 0
 delta(WSSR) : 0                 limit for stopping : 1e-05
 lambda	  : 4309.87

initial set of free parameter values

a               = 1
b               = 1

After 8 iterations the fit converged.
final sum of squares of residuals : 3.17518e-13
rel. change during last iteration : -2.46834e-11

degrees of freedom    (FIT_NDF)                        : 89
rms of residuals      (FIT_STDFIT) = sqrt(WSSR/ndf)    : 5.97295e-08
variance of residuals (reduced chisquare) = WSSR/ndf   : 3.56761e-15

Final set of parameters            Asymptotic Standard Error
=======================            ==========================

a               = 1.4023e-09       +/- 2.384e-12    (0.17%)
b               = 3.69009e-08      +/- 1.453e-08    (39.37%)


correlation matrix of the fit parameters:

               a      b      
a               1.000 
b              -0.902  1.000 


*******************************************************************************
Fri Dec  9 21:39:39 2016


FIT:    data read from "blin1.txt" using 1:3
        format = x:z
        #datapoints = 91
        residuals are weighted equally (unit weight)

function used for fitting: f(x)
fitted parameters initialized with current variable values



 Iteration 0
 WSSR        : 8.45413e+08       delta(WSSR)/WSSR   : 0
 delta(WSSR) : 0                 limit for stopping : 1e-05
 lambda	  : 4309.87

initial set of free parameter values

a               = 1.4023e-09
b               = 3.69009e-08

The maximum lambda = 1.000000e+20 was exceeded. Fit stopped.
final sum of squares of residuals : 3.23117e-27
rel. change during last iteration : 0

degrees of freedom    (FIT_NDF)                        : 89
rms of residuals      (FIT_STDFIT) = sqrt(WSSR/ndf)    : 6.02539e-15
variance of residuals (reduced chisquare) = WSSR/ndf   : 3.63053e-29

Final set of parameters            Asymptotic Standard Error
=======================            ==========================

a               = 0.5              +/- 2.405e-19    (4.809e-17%)
b               = 0.5              +/- 1.466e-15    (2.931e-13%)


correlation matrix of the fit parameters:

               a      b      
a               1.000 
b              -0.902  1.000 


*******************************************************************************
Fri Dec  9 21:41:34 2016


FIT:    data read from "bbin1.txt" using 1:3
        format = x:z
        #datapoints = 91
        residuals are weighted equally (unit weight)

function used for fitting: f(x)
fitted parameters initialized with current variable values



 Iteration 0
 WSSR        : 9096.02           delta(WSSR)/WSSR   : 0
 delta(WSSR) : 0                 limit for stopping : 1e-05
 lambda	  : 8.68245

initial set of free parameter values

a               = 0.5
b               = 0.5

After 5 iterations the fit converged.
final sum of squares of residuals : 0.876647
rel. change during last iteration : -6.93314e-12

degrees of freedom    (FIT_NDF)                        : 89
rms of residuals      (FIT_STDFIT) = sqrt(WSSR/ndf)    : 0.099247
variance of residuals (reduced chisquare) = WSSR/ndf   : 0.00984997

Final set of parameters            Asymptotic Standard Error
=======================            ==========================

a               = 1.48524          +/- 0.01205      (0.8111%)
b               = -1.56625         +/- 0.1474       (9.413%)


correlation matrix of the fit parameters:

               a      b      
a               1.000 
b              -0.998  1.000 


*******************************************************************************
Fri Dec  9 23:17:42 2016


FIT:    data read from "eje2.txt" u 1:3
        format = x:z
        #datapoints = 5
        residuals are weighted equally (unit weight)

function used for fitting: f(x)
fitted parameters initialized with current variable values



 Iteration 0
 WSSR        : 1019.77           delta(WSSR)/WSSR   : 0
 delta(WSSR) : 0                 limit for stopping : 1e-05
 lambda	  : 5.79704

initial set of free parameter values

a               = 1
b               = 1

After 4 iterations the fit converged.
final sum of squares of residuals : 64.5627
rel. change during last iteration : -1.45501e-06

degrees of freedom    (FIT_NDF)                        : 3
rms of residuals      (FIT_STDFIT) = sqrt(WSSR/ndf)    : 4.63906
variance of residuals (reduced chisquare) = WSSR/ndf   : 21.5209

Final set of parameters            Asymptotic Standard Error
=======================            ==========================

a               = -1.79956         +/- 0.4416       (24.54%)
b               = 23.85            +/- 3.593        (15.07%)


correlation matrix of the fit parameters:

               a      b      
a               1.000 
b              -0.816  1.000 


*******************************************************************************
Fri Dec  9 23:19:03 2016


FIT:    data read from "eje2.txt" u 1:3
        format = x:z
        #datapoints = 5
        residuals are weighted equally (unit weight)

function used for fitting: f(x)
fitted parameters initialized with current variable values



 Iteration 0
 WSSR        : 3.26321e+08       delta(WSSR)/WSSR   : 0
 delta(WSSR) : 0                 limit for stopping : 1e-05
 lambda	  : 3178.21

initial set of free parameter values

a               = -1.79956
b               = 23.85

After 7 iterations the fit converged.
final sum of squares of residuals : 322.491
rel. change during last iteration : -2.64785e-11

degrees of freedom    (FIT_NDF)                        : 3
rms of residuals      (FIT_STDFIT) = sqrt(WSSR/ndf)    : 10.3681
variance of residuals (reduced chisquare) = WSSR/ndf   : 107.497

Final set of parameters            Asymptotic Standard Error
=======================            ==========================

a               = -0.00114145      +/- 0.001187     (104%)
b               = 14.4305          +/- 5.334        (36.97%)


correlation matrix of the fit parameters:

               a      b      
a               1.000 
b              -0.494  1.000 
